<?xml version="1.0" encoding="UTF-8"?>
<testng-results skipped="0" failed="0" total="1" passed="1">
  <reporter-output>
  </reporter-output>
  <suite name="Default suite" duration-ms="29514" started-at="2022-05-18T12:41:14Z" finished-at="2022-05-18T12:41:43Z">
    <groups>
    </groups>
    <test name="Default test" duration-ms="29514" started-at="2022-05-18T12:41:14Z" finished-at="2022-05-18T12:41:43Z">
      <class name="com.epay.Epay">
        <test-method status="PASS" signature="Runner()[pri:0, instance:com.epay.Epay@20398b7c]" name="Runner" duration-ms="29479" started-at="2022-05-18T18:11:14Z" finished-at="2022-05-18T18:11:43Z">
          <reporter-output>
          </reporter-output>
        </test-method> <!-- Runner -->
      </class> <!-- com.epay.Epay -->
    </test> <!-- Default test -->
  </suite> <!-- Default suite -->
</testng-results>
